execve("./hello", ["./hello"], 0x7fff31a40760 /* 41 vars */) = 0
brk(NULL)                               = 0x5629c4790000
mmap(NULL, 8192, PROT_READ|PROT_WRITE, MAP_PRIVATE|MAP_ANONYMOUS, -1, 0) = 0x7f568f322000
access("/etc/ld.so.preload", R_OK)      = -1 ENOENT (No such file or directory)
openat(AT_FDCWD, "/etc/ld.so.cache", O_RDONLY|O_CLOEXEC) = 3
newfstatat(3, "", {st_mode=S_IFREG|0644, st_size=22674, ...}, AT_EMPTY_PATH) = 0
mmap(NULL, 22674, PROT_READ, MAP_PRIVATE, 3, 0) = 0x7f568f31c000
close(3)                                = 0
openat(AT_FDCWD, "/lib/x86_64-linux-gnu/libc.so.6", O_RDONLY|O_CLOEXEC) = 3
read(3, "\177ELF\2\1\1\3\0\0\0\0\0\0\0\0\3\0>\0\1\0\0\0\20t\2\0\0\0\0\0"..., 832) = 832
pread64(3, "\6\0\0\0\4\0\0\0@\0\0\0\0\0\0\0@\0\0\0\0\0\0\0@\0\0\0\0\0\0\0"..., 784, 64) = 784
newfstatat(3, "", {st_mode=S_IFREG|0755, st_size=1922136, ...}, AT_EMPTY_PATH) = 0
pread64(3, "\6\0\0\0\4\0\0\0@\0\0\0\0\0\0\0@\0\0\0\0\0\0\0@\0\0\0\0\0\0\0"..., 784, 64) = 784
mmap(NULL, 1970000, PROT_READ, MAP_PRIVATE|MAP_DENYWRITE, 3, 0) = 0x7f568f13b000
mmap(0x7f568f161000, 1396736, PROT_READ|PROT_EXEC, MAP_PRIVATE|MAP_FIXED|MAP_DENYWRITE, 3, 0x26000) = 0x7f568f161000
mmap(0x7f568f2b6000, 339968, PROT_READ, MAP_PRIVATE|MAP_FIXED|MAP_DENYWRITE, 3, 0x17b000) = 0x7f568f2b6000
mmap(0x7f568f309000, 24576, PROT_READ|PROT_WRITE, MAP_PRIVATE|MAP_FIXED|MAP_DENYWRITE, 3, 0x1ce000) = 0x7f568f309000
mmap(0x7f568f30f000, 53072, PROT_READ|PROT_WRITE, MAP_PRIVATE|MAP_FIXED|MAP_ANONYMOUS, -1, 0) = 0x7f568f30f000
close(3)                                = 0
mmap(NULL, 12288, PROT_READ|PROT_WRITE, MAP_PRIVATE|MAP_ANONYMOUS, -1, 0) = 0x7f568f138000
arch_prctl(ARCH_SET_FS, 0x7f568f138740) = 0
set_tid_address(0x7f568f138a10)         = 2148
set_robust_list(0x7f568f138a20, 24)     = 0
rseq(0x7f568f139060, 0x20, 0, 0x53053053) = 0
mprotect(0x7f568f309000, 16384, PROT_READ) = 0
mprotect(0x5629c28a9000, 4096, PROT_READ) = 0
mprotect(0x7f568f354000, 8192, PROT_READ) = 0
prlimit64(0, RLIMIT_STACK, NULL, {rlim_cur=8192*1024, rlim_max=RLIM64_INFINITY}) = 0
munmap(0x7f568f31c000, 22674)           = 0
newfstatat(1, "", {st_mode=S_IFCHR|0620, st_rdev=makedev(0x88, 0), ...}, AT_EMPTY_PATH) = 0
getrandom("\xb8\x36\xfd\xa6\x8c\xf1\x9f\x03", 8, GRND_NONBLOCK) = 8
brk(NULL)                               = 0x5629c4790000
brk(0x5629c47b1000)                     = 0x5629c47b1000
write(1, "Hello world\n", 12)           = 12
exit_group(0)                           = ?
+++ exited with 0 +++
